<?xml version="1.0" encoding="UTF-8"?>
<testng-results ignored="0" total="10" passed="9" failed="1" skipped="0">
  <reporter-output>
  </reporter-output>
  <suite started-at="2023-05-20T22:10:23 BDT" name="Default suite" finished-at="2023-05-20T22:10:56 BDT" duration-ms="32814">
    <groups>
    </groups>
    <test started-at="2023-05-20T22:10:23 BDT" name="Default test" finished-at="2023-05-20T22:10:56 BDT" duration-ms="32814">
      <class name="Pages.ContactPgae">
        <test-method is-config="true" signature="start()[pri:0, instance:Pages.ContactPgae@750e2b97]" started-at="2023-05-20T22:10:16 BDT" name="start" finished-at="2023-05-20T22:10:23 BDT" duration-ms="7678" status="PASS">
          <reporter-output>
          </reporter-output>
        </test-method> <!-- start -->
        <test-method signature="enterwebsite()[pri:1, instance:Pages.ContactPgae@750e2b97]" started-at="2023-05-20T22:10:23 BDT" name="enterwebsite" finished-at="2023-05-20T22:10:28 BDT" duration-ms="5004" status="PASS">
          <reporter-output>
          </reporter-output>
        </test-method> <!-- enterwebsite -->
        <test-method signature="contactfield()[pri:2, instance:Pages.ContactPgae@750e2b97]" started-at="2023-05-20T22:10:28 BDT" name="contactfield" finished-at="2023-05-20T22:10:29 BDT" duration-ms="763" status="PASS">
          <reporter-output>
          </reporter-output>
        </test-method> <!-- contactfield -->
        <test-method signature="passwordfield()[pri:3, instance:Pages.ContactPgae@750e2b97]" started-at="2023-05-20T22:10:29 BDT" name="passwordfield" finished-at="2023-05-20T22:10:30 BDT" duration-ms="579" status="PASS">
          <reporter-output>
          </reporter-output>
        </test-method> <!-- passwordfield -->
        <test-method signature="loginbtn()[pri:4, instance:Pages.ContactPgae@750e2b97]" started-at="2023-05-20T22:10:30 BDT" name="loginbtn" finished-at="2023-05-20T22:10:35 BDT" duration-ms="5290" status="PASS">
          <reporter-output>
          </reporter-output>
        </test-method> <!-- loginbtn -->
        <test-method signature="contactbtn()[pri:5, instance:Pages.ContactPgae@750e2b97]" started-at="2023-05-20T22:10:35 BDT" name="contactbtn" finished-at="2023-05-20T22:10:35 BDT" duration-ms="50" status="FAIL">
          <exception class="org.openqa.selenium.ElementNotInteractableException">
            <message>
              <![CDATA[Element <span class="dt-side-nav__text"> could not be scrolled into view
Build info: version: '4.8.3', revision: 'e5e76298c3'
System info: os.name: 'Windows 10', os.arch: 'amd64', os.version: '10.0', java.version: '17.0.4'
Driver info: org.openqa.selenium.firefox.FirefoxDriver
Command: [c5d88195-ba9d-4359-bd2c-e56093a8782e, clickElement {id=f5c96209-dc7c-4452-b31f-1884e13a0a25}]
Capabilities {acceptInsecureCerts: true, browserName: firefox, browserVersion: 113.0, moz:accessibilityChecks: false, moz:buildID: 20230504192738, moz:debuggerAddress: 127.0.0.1:9868, moz:geckodriverVersion: 0.33.0, moz:headless: false, moz:platformVersion: 10.0, moz:processID: 17672, moz:profile: C:\Users\HP\AppData\Local\T..., moz:shutdownTimeout: 60000, moz:useNonSpecCompliantPointerOrigin: false, moz:webdriverClick: true, moz:windowless: false, pageLoadStrategy: normal, platformName: WINDOWS, proxy: Proxy(), se:cdp: ws://127.0.0.1:9868/devtool..., se:cdpVersion: 85.0, setWindowRect: true, strictFileInteractability: false, timeouts: {implicit: 0, pageLoad: 300000, script: 30000}, unhandledPromptBehavior: dismiss and notify}
Element: [[FirefoxDriver: firefox on WINDOWS (c5d88195-ba9d-4359-bd2c-e56093a8782e)] -> xpath: //*[@id="main-sidebar"]/div[1]/ul/li[4]/a/span]
Session ID: c5d88195-ba9d-4359-bd2c-e56093a8782e]]>
            </message>
            <full-stacktrace>
              <![CDATA[org.openqa.selenium.ElementNotInteractableException: Element <span class="dt-side-nav__text"> could not be scrolled into view
Build info: version: '4.8.3', revision: 'e5e76298c3'
System info: os.name: 'Windows 10', os.arch: 'amd64', os.version: '10.0', java.version: '17.0.4'
Driver info: org.openqa.selenium.firefox.FirefoxDriver
Command: [c5d88195-ba9d-4359-bd2c-e56093a8782e, clickElement {id=f5c96209-dc7c-4452-b31f-1884e13a0a25}]
Capabilities {acceptInsecureCerts: true, browserName: firefox, browserVersion: 113.0, moz:accessibilityChecks: false, moz:buildID: 20230504192738, moz:debuggerAddress: 127.0.0.1:9868, moz:geckodriverVersion: 0.33.0, moz:headless: false, moz:platformVersion: 10.0, moz:processID: 17672, moz:profile: C:\Users\HP\AppData\Local\T..., moz:shutdownTimeout: 60000, moz:useNonSpecCompliantPointerOrigin: false, moz:webdriverClick: true, moz:windowless: false, pageLoadStrategy: normal, platformName: WINDOWS, proxy: Proxy(), se:cdp: ws://127.0.0.1:9868/devtool..., se:cdpVersion: 85.0, setWindowRect: true, strictFileInteractability: false, timeouts: {implicit: 0, pageLoad: 300000, script: 30000}, unhandledPromptBehavior: dismiss and notify}
Element: [[FirefoxDriver: firefox on WINDOWS (c5d88195-ba9d-4359-bd2c-e56093a8782e)] -> xpath: //*[@id="main-sidebar"]/div[1]/ul/li[4]/a/span]
Session ID: c5d88195-ba9d-4359-bd2c-e56093a8782e
at java.base/jdk.internal.reflect.NativeConstructorAccessorImpl.newInstance0(Native Method)
at java.base/jdk.internal.reflect.NativeConstructorAccessorImpl.newInstance(NativeConstructorAccessorImpl.java:77)
at java.base/jdk.internal.reflect.DelegatingConstructorAccessorImpl.newInstance(DelegatingConstructorAccessorImpl.java:45)
at java.base/java.lang.reflect.Constructor.newInstanceWithCaller(Constructor.java:499)
at java.base/java.lang.reflect.Constructor.newInstance(Constructor.java:480)
at org.openqa.selenium.remote.codec.w3c.W3CHttpResponseCodec.createException(W3CHttpResponseCodec.java:200)
at org.openqa.selenium.remote.codec.w3c.W3CHttpResponseCodec.decode(W3CHttpResponseCodec.java:133)
at org.openqa.selenium.remote.codec.w3c.W3CHttpResponseCodec.decode(W3CHttpResponseCodec.java:53)
at org.openqa.selenium.remote.HttpCommandExecutor.execute(HttpCommandExecutor.java:193)
at org.openqa.selenium.remote.service.DriverCommandExecutor.invokeExecute(DriverCommandExecutor.java:183)
at org.openqa.selenium.remote.service.DriverCommandExecutor.execute(DriverCommandExecutor.java:158)
at org.openqa.selenium.remote.RemoteWebDriver.execute(RemoteWebDriver.java:543)
at org.openqa.selenium.remote.RemoteWebElement.execute(RemoteWebElement.java:257)
at org.openqa.selenium.remote.RemoteWebElement.click(RemoteWebElement.java:78)
at Pages.ContactPgae.contactbtn(ContactPgae.java:45)
at java.base/jdk.internal.reflect.NativeMethodAccessorImpl.invoke0(Native Method)
at java.base/jdk.internal.reflect.NativeMethodAccessorImpl.invoke(NativeMethodAccessorImpl.java:77)
at java.base/jdk.internal.reflect.DelegatingMethodAccessorImpl.invoke(DelegatingMethodAccessorImpl.java:43)
at java.base/java.lang.reflect.Method.invoke(Method.java:568)
at org.testng.internal.invokers.MethodInvocationHelper.invokeMethod(MethodInvocationHelper.java:139)
at org.testng.internal.invokers.TestInvoker.invokeMethod(TestInvoker.java:677)
at org.testng.internal.invokers.TestInvoker.invokeTestMethod(TestInvoker.java:221)
at org.testng.internal.invokers.MethodRunner.runInSequence(MethodRunner.java:50)
at org.testng.internal.invokers.TestInvoker$MethodInvocationAgent.invoke(TestInvoker.java:962)
at org.testng.internal.invokers.TestInvoker.invokeTestMethods(TestInvoker.java:194)
at org.testng.internal.invokers.TestMethodWorker.invokeTestMethods(TestMethodWorker.java:148)
at org.testng.internal.invokers.TestMethodWorker.run(TestMethodWorker.java:128)
at java.base/java.util.ArrayList.forEach(ArrayList.java:1511)
at org.testng.TestRunner.privateRun(TestRunner.java:806)
at org.testng.TestRunner.run(TestRunner.java:601)
at org.testng.SuiteRunner.runTest(SuiteRunner.java:433)
at org.testng.SuiteRunner.runSequentially(SuiteRunner.java:427)
at org.testng.SuiteRunner.privateRun(SuiteRunner.java:387)
at org.testng.SuiteRunner.run(SuiteRunner.java:330)
at org.testng.SuiteRunnerWorker.runSuite(SuiteRunnerWorker.java:52)
at org.testng.SuiteRunnerWorker.run(SuiteRunnerWorker.java:95)
at org.testng.TestNG.runSuitesSequentially(TestNG.java:1256)
at org.testng.TestNG.runSuitesLocally(TestNG.java:1176)
at org.testng.TestNG.runSuites(TestNG.java:1099)
at org.testng.TestNG.run(TestNG.java:1067)
at org.testng.remote.AbstractRemoteTestNG.run(AbstractRemoteTestNG.java:115)
at org.testng.remote.RemoteTestNG.initAndRun(RemoteTestNG.java:251)
at org.testng.remote.RemoteTestNG.main(RemoteTestNG.java:77)
]]>
            </full-stacktrace>
          </exception> <!-- org.openqa.selenium.ElementNotInteractableException -->
          <reporter-output>
          </reporter-output>
        </test-method> <!-- contactbtn -->
        <test-method signature="Contact()[pri:6, instance:Pages.ContactPgae@750e2b97]" started-at="2023-05-20T22:10:35 BDT" name="Contact" finished-at="2023-05-20T22:10:39 BDT" duration-ms="4195" status="PASS">
          <reporter-output>
          </reporter-output>
        </test-method> <!-- Contact -->
        <test-method signature="addcontact()[pri:7, instance:Pages.ContactPgae@750e2b97]" started-at="2023-05-20T22:10:39 BDT" name="addcontact" finished-at="2023-05-20T22:10:45 BDT" duration-ms="5323" status="PASS">
          <reporter-output>
          </reporter-output>
        </test-method> <!-- addcontact -->
        <test-method signature="selecttag()[pri:8, instance:Pages.ContactPgae@750e2b97]" started-at="2023-05-20T22:10:45 BDT" name="selecttag" finished-at="2023-05-20T22:10:50 BDT" duration-ms="5259" status="PASS">
          <reporter-output>
          </reporter-output>
        </test-method> <!-- selecttag -->
        <test-method signature="numberfield()[pri:9, instance:Pages.ContactPgae@750e2b97]" started-at="2023-05-20T22:10:50 BDT" name="numberfield" finished-at="2023-05-20T22:10:51 BDT" duration-ms="708" status="PASS">
          <reporter-output>
          </reporter-output>
        </test-method> <!-- numberfield -->
        <test-method signature="Addcontact()[pri:10, instance:Pages.ContactPgae@750e2b97]" started-at="2023-05-20T22:10:51 BDT" name="Addcontact" finished-at="2023-05-20T22:10:56 BDT" duration-ms="5424" status="PASS">
          <reporter-output>
          </reporter-output>
        </test-method> <!-- Addcontact -->
        <test-method is-config="true" signature="close()[pri:0, instance:Pages.ContactPgae@750e2b97]" started-at="2023-05-20T22:10:57 BDT" name="close" finished-at="2023-05-20T22:11:01 BDT" duration-ms="4009" status="PASS">
          <reporter-output>
          </reporter-output>
        </test-method> <!-- close -->
      </class> <!-- Pages.ContactPgae -->
    </test> <!-- Default test -->
  </suite> <!-- Default suite -->
</testng-results>
